build/app/intermediates/manifest_merge_blame_file/debug/manifest-merger-blame-debug-report.txt
1<?xml version="1.0" encoding="utf-8"?>
2<manifest xmlns:android="http://schemas.android.com/apk/res/android"
3    package="com.example.tracking"
4    android:versionCode="1"
5    android:versionName="1.0.0" >
6
7    <uses-sdk
8        android:minSdkVersion="18"
9        android:targetSdkVersion="33" />
10    <!--
11         Flutter needs it to communicate with the running application
12         to allow setting breakpoints, to provide hot reload, etc.
13    -->
14    <uses-permission android:name="android.permission.INTERNET" />
14-->src\main\AndroidManifest.xml:6:5-67
14-->src\main\AndroidManifest.xml:6:22-64
15    <uses-permission android:name="android.permission.ACCESS_FINE_LOCATION" />
15-->src\main\AndroidManifest.xml:7:5-79
15-->src\main\AndroidManifest.xml:7:22-76
16    <uses-permission android:name="android.permission.ACCESS_COARSE_LOCATION" />
16-->src\main\AndroidManifest.xml:8:5-81
16-->src\main\AndroidManifest.xml:8:22-78
17    <uses-permission android:name="android.permission.ACCESS_BACKGROUND_LOCATION" />
17-->src\main\AndroidManifest.xml:9:5-85
17-->src\main\AndroidManifest.xml:9:22-82
18    <uses-permission android:name="android.permission.WAKE_LOCK" />
18-->src\main\AndroidManifest.xml:10:5-68
18-->src\main\AndroidManifest.xml:10:22-65
19    <uses-permission android:name="android.permission.FOREGROUND_SERVICE" />
19-->src\main\AndroidManifest.xml:11:5-77
19-->src\main\AndroidManifest.xml:11:22-74
20    <uses-permission android:name="android.permission.RECEIVE_BOOT_COMPLETED" />
20-->src\main\AndroidManifest.xml:12:5-81
20-->src\main\AndroidManifest.xml:12:22-78
21    <uses-permission android:name="android.permission.VIBRATE" />
21-->[:flutter_local_notifications] AndroidManifest.xml:8:5-66
21-->[:flutter_local_notifications] AndroidManifest.xml:8:22-63
22    <uses-permission android:name="android.permission.USE_FULL_SCREEN_INTENT" />
22-->[:flutter_local_notifications] AndroidManifest.xml:9:5-81
22-->[:flutter_local_notifications] AndroidManifest.xml:9:22-78
23    <uses-permission android:name="android.permission.SCHEDULE_EXACT_ALARM" />
23-->[:flutter_local_notifications] AndroidManifest.xml:10:5-79
23-->[:flutter_local_notifications] AndroidManifest.xml:10:22-76
24    <uses-permission android:name="android.permission.POST_NOTIFICATIONS" />
24-->[:flutter_local_notifications] AndroidManifest.xml:11:5-77
24-->[:flutter_local_notifications] AndroidManifest.xml:11:22-74
25
26    <permission
26-->[androidx.core:core:1.9.0] AndroidManifest.xml:22:5-24:47
27        android:name="com.example.tracking.DYNAMIC_RECEIVER_NOT_EXPORTED_PERMISSION"
27-->[androidx.core:core:1.9.0] AndroidManifest.xml:23:9-81
28        android:protectionLevel="signature" />
28-->[androidx.core:core:1.9.0] AndroidManifest.xml:24:9-44
29
30    <uses-permission android:name="com.example.tracking.DYNAMIC_RECEIVER_NOT_EXPORTED_PERMISSION" />
30-->[androidx.core:core:1.9.0] AndroidManifest.xml:26:5-97
30-->[androidx.core:core:1.9.0] AndroidManifest.xml:26:22-94
31
32    <application
33        android:name="android.app.Application"
34        android:appComponentFactory="androidx.core.app.CoreComponentFactory"
34-->[androidx.core:core:1.9.0] AndroidManifest.xml:28:18-86
35        android:debuggable="true"
36        android:icon="@mipmap/ic_launcher"
37        android:label="@string/app_name" >
38        <activity
39            android:name="com.example.tracking.MainActivity"
40            android:configChanges="orientation|keyboardHidden|keyboard|screenSize|smallestScreenSize|locale|layoutDirection|fontScale|screenLayout|density|uiMode"
41            android:exported="true"
42            android:hardwareAccelerated="true"
43            android:launchMode="singleTop"
44            android:theme="@style/LaunchTheme"
45            android:windowSoftInputMode="adjustResize" >
46            <meta-data
47                android:name="io.flutter.embedding.android.NormalTheme"
48                android:resource="@style/NormalTheme" />
49            <meta-data
50                android:name="io.flutter.embedding.android.SplashScreenDrawable"
51                android:resource="@drawable/launch_background" />
52
53            <intent-filter>
54                <action android:name="android.intent.action.MAIN" />
55
56                <category android:name="android.intent.category.LAUNCHER" />
57            </intent-filter>
58        </activity>
59
60        <meta-data
61            android:name="flutterEmbedding"
62            android:value="2" />
63
64        <service
64-->[:geolocator_android] AndroidManifest.xml:10:9-14:56
65            android:name="com.baseflow.geolocator.GeolocatorLocationService"
65-->[:geolocator_android] AndroidManifest.xml:11:13-77
66            android:enabled="true"
66-->[:geolocator_android] AndroidManifest.xml:12:13-35
67            android:exported="false"
67-->[:geolocator_android] AndroidManifest.xml:13:13-37
68            android:foregroundServiceType="location" />
68-->[:geolocator_android] AndroidManifest.xml:14:13-53
69
70        <receiver
70-->[:flutter_local_notifications] AndroidManifest.xml:14:9-16:40
71            android:name="com.dexterous.flutterlocalnotifications.ActionBroadcastReceiver"
71-->[:flutter_local_notifications] AndroidManifest.xml:15:13-91
72            android:exported="false" />
72-->[:flutter_local_notifications] AndroidManifest.xml:16:13-37
73        <receiver
73-->[:flutter_local_notifications] AndroidManifest.xml:17:9-19:40
74            android:name="com.dexterous.flutterlocalnotifications.ScheduledNotificationReceiver"
74-->[:flutter_local_notifications] AndroidManifest.xml:18:13-97
75            android:exported="false" />
75-->[:flutter_local_notifications] AndroidManifest.xml:19:13-37
76        <receiver
76-->[:flutter_local_notifications] AndroidManifest.xml:20:9-29:20
77            android:name="com.dexterous.flutterlocalnotifications.ScheduledNotificationBootReceiver"
77-->[:flutter_local_notifications] AndroidManifest.xml:21:13-101
78            android:exported="false" >
78-->[:flutter_local_notifications] AndroidManifest.xml:22:13-37
79            <intent-filter>
79-->[:flutter_local_notifications] AndroidManifest.xml:23:13-28:29
80                <action android:name="android.intent.action.BOOT_COMPLETED" />
80-->[:flutter_local_notifications] AndroidManifest.xml:24:17-79
80-->[:flutter_local_notifications] AndroidManifest.xml:24:25-76
81                <action android:name="android.intent.action.MY_PACKAGE_REPLACED" />
81-->[:flutter_local_notifications] AndroidManifest.xml:25:17-84
81-->[:flutter_local_notifications] AndroidManifest.xml:25:25-81
82                <action android:name="android.intent.action.QUICKBOOT_POWERON" />
82-->[:flutter_local_notifications] AndroidManifest.xml:26:17-82
82-->[:flutter_local_notifications] AndroidManifest.xml:26:25-79
83                <action android:name="com.htc.intent.action.QUICKBOOT_POWERON" />
83-->[:flutter_local_notifications] AndroidManifest.xml:27:17-82
83-->[:flutter_local_notifications] AndroidManifest.xml:27:25-79
84            </intent-filter>
85        </receiver>
86
87        <service
87-->[:background_location] AndroidManifest.xml:12:9-17:37
88            android:name="com.almoullim.background_location.LocationUpdatesService"
88-->[:background_location] AndroidManifest.xml:13:13-84
89            android:enabled="true"
89-->[:background_location] AndroidManifest.xml:14:13-35
90            android:exported="true"
90-->[:background_location] AndroidManifest.xml:15:13-36
91            android:foregroundServiceType="location"
91-->[:background_location] AndroidManifest.xml:16:13-53
92            android:permission="" />
92-->[:background_location] AndroidManifest.xml:17:13-34
93        <service
93-->[:flutter_background_service_android] AndroidManifest.xml:12:9-16:44
94            android:name="id.flutter.flutter_background_service.BackgroundService"
94-->[:flutter_background_service_android] AndroidManifest.xml:13:13-83
95            android:enabled="true"
95-->[:flutter_background_service_android] AndroidManifest.xml:14:13-35
96            android:exported="true"
96-->[:flutter_background_service_android] AndroidManifest.xml:15:13-36
97            android:stopWithTask="false" />
97-->[:flutter_background_service_android] AndroidManifest.xml:16:13-41
98
99        <receiver
99-->[:flutter_background_service_android] AndroidManifest.xml:18:9-21:39
100            android:name="id.flutter.flutter_background_service.WatchdogReceiver"
100-->[:flutter_background_service_android] AndroidManifest.xml:19:13-82
101            android:enabled="true"
101-->[:flutter_background_service_android] AndroidManifest.xml:20:13-35
102            android:exported="true" />
102-->[:flutter_background_service_android] AndroidManifest.xml:21:13-36
103        <receiver
103-->[:flutter_background_service_android] AndroidManifest.xml:22:9-30:20
104            android:name="id.flutter.flutter_background_service.BootReceiver"
104-->[:flutter_background_service_android] AndroidManifest.xml:23:13-78
105            android:enabled="true"
105-->[:flutter_background_service_android] AndroidManifest.xml:24:13-35
106            android:exported="true" >
106-->[:flutter_background_service_android] AndroidManifest.xml:25:13-36
107            <intent-filter>
107-->[:flutter_background_service_android] AndroidManifest.xml:26:13-29:29
108                <action android:name="android.intent.action.BOOT_COMPLETED" />
108-->[:flutter_local_notifications] AndroidManifest.xml:24:17-79
108-->[:flutter_local_notifications] AndroidManifest.xml:24:25-76
109                <action android:name="android.intent.action.QUICKBOOT_POWERON" />
109-->[:flutter_local_notifications] AndroidManifest.xml:26:17-82
109-->[:flutter_local_notifications] AndroidManifest.xml:26:25-79
110            </intent-filter>
111        </receiver>
112
113        <uses-library
113-->[androidx.window:window:1.0.0-beta04] AndroidManifest.xml:25:9-27:40
114            android:name="androidx.window.extensions"
114-->[androidx.window:window:1.0.0-beta04] AndroidManifest.xml:26:13-54
115            android:required="false" />
115-->[androidx.window:window:1.0.0-beta04] AndroidManifest.xml:27:13-37
116        <uses-library
116-->[androidx.window:window:1.0.0-beta04] AndroidManifest.xml:28:9-30:40
117            android:name="androidx.window.sidecar"
117-->[androidx.window:window:1.0.0-beta04] AndroidManifest.xml:29:13-51
118            android:required="false" />
118-->[androidx.window:window:1.0.0-beta04] AndroidManifest.xml:30:13-37
119
120        <activity
120-->[com.google.android.gms:play-services-base:18.1.0] AndroidManifest.xml:20:9-22:45
121            android:name="com.google.android.gms.common.api.GoogleApiActivity"
121-->[com.google.android.gms:play-services-base:18.1.0] AndroidManifest.xml:20:19-85
122            android:exported="false"
122-->[com.google.android.gms:play-services-base:18.1.0] AndroidManifest.xml:22:19-43
123            android:theme="@android:style/Theme.Translucent.NoTitleBar" />
123-->[com.google.android.gms:play-services-base:18.1.0] AndroidManifest.xml:21:19-78
124
125        <meta-data
125-->[com.google.android.gms:play-services-basement:18.1.0] AndroidManifest.xml:21:9-23:69
126            android:name="com.google.android.gms.version"
126-->[com.google.android.gms:play-services-basement:18.1.0] AndroidManifest.xml:22:13-58
127            android:value="@integer/google_play_services_version" />
127-->[com.google.android.gms:play-services-basement:18.1.0] AndroidManifest.xml:23:13-66
128    </application>
129
130</manifest>